*** Starting uWSGI 2.0.17.1 (64bit) on [Mon Oct  8 19:53:20 2018] ***
compiled with version: 7.3.0 on 08 October 2018 11:44:30
os: Linux-4.15.0-34-generic #37-Ubuntu SMP Mon Aug 27 15:21:48 UTC 2018
nodename: qiaodan-Lenovo-G50-80
machine: x86_64
clock source: unix
detected number of CPU cores: 4
current working directory: /home/qiaodan/DjangoProject/AXF
writing pidfile to uwsgi.pid
detected binary path: /home/qiaodan/.virtualenvs/GP1/bin/uwsgi
!!! no internal routing support, rebuild with pcre support !!!
chdir() to /home/qiaodan/DjangoProject/AXF
your processes number limit is 14995
your memory page size is 4096 bytes
detected max file descriptor number: 1048576
lock engine: pthread robust mutexes
thunder lock: disabled (you can enable it with --thunder-lock)
uWSGI http bound on 0.0.0.0:8888 fd 4
uwsgi socket 0 bound to TCP address 127.0.0.1:41945 (port auto-assigned) fd 3
Python version: 3.6.6 (default, Sep 12 2018, 18:26:19)  [GCC 8.0.1 20180414 (experimental) [trunk revision 259383]]
Python main interpreter initialized at 0x55d05f387b20
python threads support enabled
your server socket listen backlog is limited to 100 connections
your mercy for graceful operations on workers is 60 seconds
mapped 416896 bytes (407 KB) for 12 cores
*** Operational MODE: preforking+threaded ***
WSGI app 0 (mountpoint='') ready in 4 seconds on interpreter 0x55d05f387b20 pid: 10156 (default app)
*** uWSGI is running in multiple interpreter mode ***
spawned uWSGI master process (pid: 10156)
spawned uWSGI worker 1 (pid: 10161, cores: 4)
spawned uWSGI worker 2 (pid: 10162, cores: 4)
spawned uWSGI worker 3 (pid: 10169, cores: 4)
spawned uWSGI http 1 (pid: 10170)
[pid: 10169|app: 0|req: 1/1] 127.0.0.1 () {38 vars in 780 bytes} [Mon Oct  8 19:55:16 2018] GET /one/home => generated 0 bytes in 1000 msecs (HTTP/1.1 301) 3 headers in 115 bytes (1 switches on core 0)
[pid: 10169|app: 0|req: 2/2] 127.0.0.1 () {38 vars in 783 bytes} [Mon Oct  8 19:55:17 2018] GET /one/home/ => generated 21203 bytes in 1552 msecs (HTTP/1.1 200) 3 headers in 111 bytes (1 switches on core 1)
[pid: 10169|app: 0|req: 6/3] 127.0.0.1 () {38 vars in 750 bytes} [Mon Oct  8 19:55:19 2018] GET /static/css/reset.css => generated 94 bytes in 163 msecs (HTTP/1.1 404) 3 headers in 100 bytes (1 switches on core 0)
[pid: 10169|app: 0|req: 6/4] 127.0.0.1 () {38 vars in 758 bytes} [Mon Oct  8 19:55:19 2018] GET /static/css/bootstrap.css => generated 98 bytes in 169 msecs (HTTP/1.1 404) 3 headers in 100 bytes (1 switches on core 2)
[pid: 10169|app: 0|req: 6/5] 127.0.0.1 () {38 vars in 752 bytes} [Mon Oct  8 19:55:19 2018] GET /static/css/swiper.css => generated 95 bytes in 168 msecs (HTTP/1.1 404) 3 headers in 100 bytes (1 switches on core 3)
[pid: 10169|app: 0|req: 6/6] 127.0.0.1 () {38 vars in 766 bytes} [Mon Oct  8 19:55:19 2018] GET /static/axf/main/css/main.css => generated 102 bytes in 158 msecs (HTTP/1.1 404) 3 headers in 101 bytes (1 switches on core 1)
[pid: 10162|app: 0|req: 1/7] 127.0.0.1 () {38 vars in 766 bytes} [Mon Oct  8 19:55:19 2018] GET /static/axf/main/css/home.css => generated 102 bytes in 221 msecs (HTTP/1.1 404) 3 headers in 101 bytes (1 switches on core 0)
[pid: 10169|app: 0|req: 7/8] 127.0.0.1 () {38 vars in 733 bytes} [Mon Oct  8 19:55:19 2018] GET /static/js/jquery.js => generated 93 bytes in 1 msecs (HTTP/1.1 404) 3 headers in 100 bytes (1 switches on core 0)
[pid: 10169|app: 0|req: 8/9] 127.0.0.1 () {38 vars in 740 bytes} [Mon Oct  8 19:55:19 2018] GET /static/js/bootstrap.js => generated 96 bytes in 2 msecs (HTTP/1.1 404) 3 headers in 100 bytes (1 switches on core 0)
[pid: 10169|app: 0|req: 9/10] 127.0.0.1 () {38 vars in 748 bytes} [Mon Oct  8 19:55:19 2018] GET /static/js/swiper.jquery.js => generated 100 bytes in 2 msecs (HTTP/1.1 404) 3 headers in 101 bytes (1 switches on core 3)
[pid: 10161|app: 0|req: 2/11] 127.0.0.1 () {38 vars in 748 bytes} [Mon Oct  8 19:55:19 2018] GET /static/axf/main/js/home.js => generated 100 bytes in 210 msecs (HTTP/1.1 404) 3 headers in 101 bytes (1 switches on core 3)
[pid: 10161|app: 0|req: 2/12] 127.0.0.1 () {38 vars in 730 bytes} [Mon Oct  8 19:55:19 2018] GET /static/js/base.js => generated 91 bytes in 215 msecs (HTTP/1.1 404) 3 headers in 100 bytes (1 switches on core 0)
[pid: 10169|app: 0|req: 10/13] 127.0.0.1 () {38 vars in 748 bytes} [Mon Oct  8 19:55:20 2018] GET /static/js/swiper.jquery.js => generated 100 bytes in 2 msecs (HTTP/1.1 404) 3 headers in 101 bytes (1 switches on core 1)
[pid: 10162|app: 0|req: 2/14] 127.0.0.1 () {38 vars in 748 bytes} [Mon Oct  8 19:55:20 2018] GET /static/axf/main/js/home.js => generated 100 bytes in 2 msecs (HTTP/1.1 404) 3 headers in 101 bytes (1 switches on core 2)
[pid: 10162|app: 0|req: 3/15] 127.0.0.1 () {38 vars in 754 bytes} [Mon Oct  8 19:55:21 2018] GET /favicon.ico => generated 85 bytes in 5 msecs (HTTP/1.1 404) 3 headers in 100 bytes (1 switches on core 1)
SIGINT/SIGQUIT received...killing workers...
gateway "uWSGI http 1" has been buried (pid: 10170)
worker 1 buried after 1 seconds
worker 2 buried after 1 seconds
worker 3 buried after 1 seconds
goodbye to uWSGI.
*** Starting uWSGI 2.0.17.1 (64bit) on [Mon Oct  8 20:02:43 2018] ***
compiled with version: 7.3.0 on 08 October 2018 11:44:30
os: Linux-4.15.0-34-generic #37-Ubuntu SMP Mon Aug 27 15:21:48 UTC 2018
nodename: qiaodan-Lenovo-G50-80
machine: x86_64
clock source: unix
detected number of CPU cores: 4
current working directory: /home/qiaodan/DjangoProject/AXF
writing pidfile to uwsgi.pid
detected binary path: /home/qiaodan/.virtualenvs/GP1/bin/uwsgi
!!! no internal routing support, rebuild with pcre support !!!
chdir() to /home/qiaodan/DjangoProject/AXF
your processes number limit is 14995
your memory page size is 4096 bytes
detected max file descriptor number: 1048576
lock engine: pthread robust mutexes
thunder lock: disabled (you can enable it with --thunder-lock)
uwsgi socket 0 bound to TCP address 0.0.0.0:8888 fd 3
Python version: 3.6.6 (default, Sep 12 2018, 18:26:19)  [GCC 8.0.1 20180414 (experimental) [trunk revision 259383]]
Python main interpreter initialized at 0x560a658f6a40
python threads support enabled
your server socket listen backlog is limited to 100 connections
your mercy for graceful operations on workers is 60 seconds
mapped 416896 bytes (407 KB) for 12 cores
*** Operational MODE: preforking+threaded ***
WSGI app 0 (mountpoint='') ready in 6 seconds on interpreter 0x560a658f6a40 pid: 10406 (default app)
*** uWSGI is running in multiple interpreter mode ***
spawned uWSGI master process (pid: 10406)
spawned uWSGI worker 1 (pid: 10416, cores: 4)
spawned uWSGI worker 2 (pid: 10417, cores: 4)
spawned uWSGI worker 3 (pid: 10423, cores: 4)
SIGINT/SIGQUIT received...killing workers...
worker 1 buried after 1 seconds
worker 2 buried after 1 seconds
worker 3 buried after 1 seconds
goodbye to uWSGI.
*** Starting uWSGI 2.0.17.1 (64bit) on [Mon Oct  8 20:04:15 2018] ***
compiled with version: 7.3.0 on 08 October 2018 11:44:30
os: Linux-4.15.0-34-generic #37-Ubuntu SMP Mon Aug 27 15:21:48 UTC 2018
nodename: qiaodan-Lenovo-G50-80
machine: x86_64
clock source: unix
detected number of CPU cores: 4
current working directory: /home/qiaodan/DjangoProject/AXF
writing pidfile to uwsgi.pid
detected binary path: /home/qiaodan/.virtualenvs/GP1/bin/uwsgi
!!! no internal routing support, rebuild with pcre support !!!
chdir() to /home/qiaodan/DjangoProject/AXF
your processes number limit is 14995
your memory page size is 4096 bytes
detected max file descriptor number: 1048576
lock engine: pthread robust mutexes
thunder lock: disabled (you can enable it with --thunder-lock)
uwsgi socket 0 bound to TCP address 0.0.0.0:8888 fd 3
Python version: 3.6.6 (default, Sep 12 2018, 18:26:19)  [GCC 8.0.1 20180414 (experimental) [trunk revision 259383]]
Python main interpreter initialized at 0x561b4d882a40
python threads support enabled
your server socket listen backlog is limited to 100 connections
your mercy for graceful operations on workers is 60 seconds
mapped 416896 bytes (407 KB) for 12 cores
*** Operational MODE: preforking+threaded ***
WSGI app 0 (mountpoint='') ready in 0 seconds on interpreter 0x561b4d882a40 pid: 10454 (default app)
*** uWSGI is running in multiple interpreter mode ***
spawned uWSGI master process (pid: 10454)
spawned uWSGI worker 1 (pid: 10459, cores: 4)
spawned uWSGI worker 2 (pid: 10463, cores: 4)
spawned uWSGI worker 3 (pid: 10467, cores: 4)
invalid request block size: 21573 (max 4096)...skip
invalid request block size: 21573 (max 4096)...skip
invalid request block size: 21573 (max 4096)...skip
invalid request block size: 21573 (max 4096)...skip
invalid request block size: 21573 (max 4096)...skip
invalid request block size: 21573 (max 4096)...skip
[pid: 10463|app: 0|req: 1/1] 127.0.0.1 () {42 vars in 832 bytes} [Mon Oct  8 20:07:07 2018] GET /one/home => generated 0 bytes in 712 msecs (HTTP/1.1 301) 3 headers in 115 bytes (1 switches on core 0)
[pid: 10467|app: 0|req: 1/2] 127.0.0.1 () {42 vars in 834 bytes} [Mon Oct  8 20:07:08 2018] GET /one/home/ => generated 21203 bytes in 646 msecs (HTTP/1.1 200) 3 headers in 111 bytes (1 switches on core 0)
[pid: 10463|app: 0|req: 2/3] 127.0.0.1 () {46 vars in 918 bytes} [Mon Oct  8 20:07:22 2018] GET /one/home/ => generated 21203 bytes in 237 msecs (HTTP/1.1 200) 3 headers in 111 bytes (1 switches on core 1)
invalid request block size: 21573 (max 4096)...skip
invalid request block size: 21573 (max 4096)...skip
invalid request block size: 21573 (max 4096)...skip
SIGINT/SIGQUIT received...killing workers...
worker 1 buried after 1 seconds
worker 2 buried after 1 seconds
worker 3 buried after 1 seconds
goodbye to uWSGI.
*** Starting uWSGI 2.0.17.1 (64bit) on [Mon Oct  8 20:16:23 2018] ***
compiled with version: 7.3.0 on 08 October 2018 11:44:30
os: Linux-4.15.0-34-generic #37-Ubuntu SMP Mon Aug 27 15:21:48 UTC 2018
nodename: qiaodan-Lenovo-G50-80
machine: x86_64
clock source: unix
detected number of CPU cores: 4
current working directory: /home/qiaodan/DjangoProject/AXF
writing pidfile to uwsgi.pid
detected binary path: /home/qiaodan/.virtualenvs/GP1/bin/uwsgi
!!! no internal routing support, rebuild with pcre support !!!
chdir() to /home/qiaodan/DjangoProject/AXF
your processes number limit is 14995
your memory page size is 4096 bytes
detected max file descriptor number: 1048576
lock engine: pthread robust mutexes
thunder lock: disabled (you can enable it with --thunder-lock)
uwsgi socket 0 bound to TCP address 0.0.0.0:8888 fd 3
Python version: 3.6.6 (default, Sep 12 2018, 18:26:19)  [GCC 8.0.1 20180414 (experimental) [trunk revision 259383]]
Python main interpreter initialized at 0x556c96975a40
python threads support enabled
your server socket listen backlog is limited to 100 connections
your mercy for graceful operations on workers is 60 seconds
mapped 416896 bytes (407 KB) for 12 cores
*** Operational MODE: preforking+threaded ***
WSGI app 0 (mountpoint='') ready in 1 seconds on interpreter 0x556c96975a40 pid: 10876 (default app)
*** uWSGI is running in multiple interpreter mode ***
spawned uWSGI master process (pid: 10876)
spawned uWSGI worker 1 (pid: 10878, cores: 4)
spawned uWSGI worker 2 (pid: 10882, cores: 4)
spawned uWSGI worker 3 (pid: 10886, cores: 4)
[pid: 10886|app: 0|req: 1/1] 127.0.0.1 () {44 vars in 896 bytes} [Mon Oct  8 20:16:36 2018] GET /one/home/ => generated 21203 bytes in 360 msecs (HTTP/1.1 200) 3 headers in 111 bytes (1 switches on core 0)
[pid: 10886|app: 0|req: 2/2] 127.0.0.1 () {44 vars in 911 bytes} [Mon Oct  8 20:16:39 2018] GET /one/market/ => generated 0 bytes in 1 msecs (HTTP/1.1 302) 4 headers in 157 bytes (1 switches on core 1)
[pid: 10886|app: 0|req: 3/3] 127.0.0.1 () {44 vars in 957 bytes} [Mon Oct  8 20:16:39 2018] GET /one/market_with_params/104749/0/0/ => generated 11308 bytes in 195 msecs (HTTP/1.1 200) 4 headers in 125 bytes (1 switches on core 2)
[pid: 10886|app: 0|req: 4/4] 127.0.0.1 () {44 vars in 932 bytes} [Mon Oct  8 20:16:41 2018] GET /one/cart/ => generated 4345 bytes in 108 msecs (HTTP/1.1 200) 4 headers in 124 bytes (1 switches on core 3)
[pid: 10886|app: 0|req: 5/5] 127.0.0.1 () {44 vars in 907 bytes} [Mon Oct  8 20:16:42 2018] GET /one/mine/ => generated 5848 bytes in 198 msecs (HTTP/1.1 200) 4 headers in 124 bytes (1 switches on core 0)
Gracefully killing worker 2 (pid: 10882)...
...brutally killing workers...
Gracefully killing worker 3 (pid: 10886)...
worker 1 buried after 8 seconds
worker 2 buried after 8 seconds
worker 3 buried after 10 seconds
binary reloading uWSGI...
chdir() to /home/qiaodan/DjangoProject/AXF
closing all non-uwsgi socket fds > 2 (max_fd = 1048576)...
found fd 3 mapped to socket 0 (0.0.0.0:8888)
running /home/qiaodan/.virtualenvs/GP1/bin/uwsgi
[uWSGI] getting INI configuration from /home/qiaodan/DjangoProject/AXF/uwsgi.ini
*** Starting uWSGI 2.0.17.1 (64bit) on [Mon Oct  8 20:25:22 2018] ***
compiled with version: 7.3.0 on 08 October 2018 11:44:30
os: Linux-4.15.0-34-generic #37-Ubuntu SMP Mon Aug 27 15:21:48 UTC 2018
nodename: qiaodan-Lenovo-G50-80
machine: x86_64
clock source: unix
detected number of CPU cores: 4
current working directory: /home/qiaodan/DjangoProject/AXF
detected binary path: /home/qiaodan/.virtualenvs/GP1/bin/uwsgi
!!! no internal routing support, rebuild with pcre support !!!
chdir() to /home/qiaodan/DjangoProject/AXF
your processes number limit is 14995
your memory page size is 4096 bytes
detected max file descriptor number: 1048576
lock engine: pthread robust mutexes
thunder lock: disabled (you can enable it with --thunder-lock)
uwsgi socket 0 inherited INET address 0.0.0.0:8888 fd 3
Python version: 3.6.6 (default, Sep 12 2018, 18:26:19)  [GCC 8.0.1 20180414 (experimental) [trunk revision 259383]]
Python main interpreter initialized at 0x560571484fd0
python threads support enabled
your server socket listen backlog is limited to 100 connections
your mercy for graceful operations on workers is 60 seconds
mapped 416896 bytes (407 KB) for 12 cores
*** Operational MODE: preforking+threaded ***
WSGI app 0 (mountpoint='') ready in 15 seconds on interpreter 0x560571484fd0 pid: 10876 (default app)
*** uWSGI is running in multiple interpreter mode ***
gracefully (RE)spawned uWSGI master process (pid: 10876)
spawned uWSGI worker 1 (pid: 11170, cores: 4)
spawned uWSGI worker 2 (pid: 11171, cores: 4)
spawned uWSGI worker 3 (pid: 11178, cores: 4)
