2018-10-25 08:30:52,642- (0.001) 
            SELECT name, type FROM sqlite_master
            WHERE type in ('table', 'view') AND NOT name='sqlite_sequence'
            ORDER BY name; args=None 
2018-10-25 08:30:52,645- (0.000) SELECT "django_migrations"."app", "django_migrations"."name" FROM "django_migrations"; args=() 
2018-10-25 08:31:06,325- (0.000) 
            SELECT name, type FROM sqlite_master
            WHERE type in ('table', 'view') AND NOT name='sqlite_sequence'
            ORDER BY name; args=None 
2018-10-25 08:31:06,329- (0.000) SELECT "django_migrations"."app", "django_migrations"."name" FROM "django_migrations"; args=() 
2018-10-25 08:31:44,284- (0.000) 
            SELECT name, type FROM sqlite_master
            WHERE type in ('table', 'view') AND NOT name='sqlite_sequence'
            ORDER BY name; args=None 
2018-10-25 08:31:44,286- (0.000) SELECT "django_migrations"."app", "django_migrations"."name" FROM "django_migrations"; args=() 
2018-10-25 08:31:57,488- haha error 
2018-10-25 08:31:57,489- "GET /log/ HTTP/1.1" 200 9 
DEBUG - 2018-10-25 08:33:46,451 - (0.001) 
            SELECT name, type FROM sqlite_master
            WHERE type in ('table', 'view') AND NOT name='sqlite_sequence'
            ORDER BY name; args=None 
DEBUG - 2018-10-25 08:33:46,457 - (0.000) SELECT "django_migrations"."app", "django_migrations"."name" FROM "django_migrations"; args=() 
ERROR - 2018-10-25 08:33:47,921 - haha error 
INFO - 2018-10-25 08:33:47,922 - "GET /log/ HTTP/1.1" 200 9 
ERROR - 2018-10-25 08:33:49,063 - haha error 
INFO - 2018-10-25 08:33:49,064 - "GET /log/ HTTP/1.1" 200 9 
